2025-11-27 17:52:33,811 - INFO - __main__ - 資料庫會話創建成功。
2025-11-27 17:52:33,812 - INFO - __main__ - 開始執行全域每日健康檢查 (設定時間: 20:00)...
2025-11-27 17:52:36,425 - INFO - __main__ - 檢查完成：所有學生的狀態均正常。無需發送通知。
2025-11-27 17:54:11,782 - INFO - __main__ - 資料庫會話創建成功。
2025-11-27 17:54:11,782 - INFO - __main__ - 開始重置所有學生的狀態...
2025-11-27 17:54:14,391 - INFO - __main__ - 成功！總共有 3 位學生的狀態被重置為 'NOT_ARRIVED'。
2025-11-27 18:22:00,760 - INFO - __main__ - 資料庫會話創建成功。
2025-11-27 18:22:00,760 - INFO - __main__ - 開始重置所有學生的狀態...
2025-11-27 18:22:03,364 - INFO - __main__ - 成功！總共有 3 位學生的狀態被重置為 'NOT_ARRIVED'。
2025-11-27 18:57:40,682 - INFO - __main__ - 資料庫會話創建成功。
2025-11-27 18:57:40,684 - INFO - __main__ - 開始重置所有學生的狀態...
2025-11-27 18:57:43,388 - INFO - __main__ - 成功！總共有 3 位學生的狀態被重置為 'NOT_ARRIVED'。
2025-11-27 19:01:27,396 - INFO - __main__ - 資料庫會話創建成功。
2025-11-27 19:01:27,396 - INFO - __main__ - 開始重置所有學生的狀態...
2025-11-27 19:01:30,205 - INFO - __main__ - 成功！總共有 3 位學生的狀態被重置為 'NOT_ARRIVED'。
2025-11-27 19:02:09,928 - INFO - __main__ - 資料庫會話創建成功。
2025-11-27 19:02:09,929 - INFO - __main__ - 開始重置所有學生的狀態...
2025-11-27 19:02:12,517 - INFO - __main__ - 成功！總共有 3 位學生的狀態被重置為 'NOT_ARRIVED'。
2025-11-27 19:05:06,319 - INFO - __main__ - 資料庫會話創建成功。
2025-11-27 19:05:06,320 - INFO - __main__ - 開始重置所有學生的狀態...
2025-11-27 19:05:08,901 - INFO - __main__ - 成功！總共有 3 位學生的狀態被重置為 'NOT_ARRIVED'。
2025-11-27 19:05:08,902 - INFO - __main__ - 準備關閉資料庫連接...
2025-11-27 19:09:18,856 - INFO - __main__ - 主函數：準備建立資料庫會話...
2025-11-27 19:09:18,857 - INFO - __main__ - 主函數：資料庫會話創建成功。
2025-11-27 19:09:18,868 - INFO - __main__ - 主函數：準備呼叫 reset_all_student_statuses...
2025-11-27 19:09:18,869 - INFO - __main__ - 子函數：已進入 reset_all_student_statuses。
2025-11-27 19:09:18,870 - INFO - __main__ - 子函數：已進入 try 區塊。
2025-11-27 19:09:18,870 - INFO - __main__ - 探針 1：準備定義 SQL 語句...
2025-11-27 19:09:18,871 - INFO - __main__ - 探針 2：SQL 語句定義完成。
2025-11-27 19:09:18,872 - INFO - __main__ - 探針 3：準備執行 db.execute(stmt)...
2025-11-27 19:09:21,306 - INFO - __main__ - 探針 4：db.execute(stmt) 執行完成。
2025-11-27 19:09:21,307 - INFO - __main__ - 探針 5：準備執行 db.commit()...
2025-11-27 19:09:21,458 - INFO - __main__ - 探針 6：db.commit() 執行完成。
2025-11-27 19:09:21,459 - INFO - __main__ - 子函數：成功！總共有 3 位學生的狀態被重置。
2025-11-27 19:09:21,462 - INFO - __main__ - 子函數：已進入 finally 區塊。
2025-11-27 19:09:21,466 - INFO - __main__ - 主函數：reset_all_student_statuses 呼叫完成。
2025-11-27 19:09:21,468 - INFO - __main__ - 主函數：進入 finally 區塊。
2025-11-27 19:09:21,470 - INFO - __main__ - 主函數：資料庫連接已關閉。
2025-11-27 19:11:43,637 - INFO - __main__ - 資料庫會話創建成功。
2025-11-27 19:11:43,637 - INFO - __main__ - 開始重置所有學生的狀態...
2025-11-27 19:11:46,207 - INFO - __main__ - 成功！總共有 3 位學生的狀態被重置為 'NOT_ARRIVED'。
2025-11-27 19:11:46,208 - INFO - __main__ - 資料庫連接已關閉。
2025-11-27 19:14:22,303 - INFO - __main__ - 資料庫會話創建成功。
2025-11-27 19:14:22,303 - INFO - __main__ - 開始執行全域每日健康檢查 (設定時間: 20:00)...
2025-11-27 19:14:24,827 - INFO - __main__ - 檢查完成：所有學生的狀態均正常。無需發送通知。
2025-11-27 19:14:24,968 - INFO - __main__ - 資料庫連接已關閉。
